scripts/kconfig/conf --silentoldconfig Kconfig
  CHK     include/config/kernel.release
  WRAP    arch/arm/include/generated/asm/auxvec.h
  WRAP    arch/arm/include/generated/asm/bitsperlong.h
  WRAP    arch/arm/include/generated/asm/cputime.h
  WRAP    arch/arm/include/generated/asm/emergency-restart.h
  WRAP    arch/arm/include/generated/asm/current.h
  WRAP    arch/arm/include/generated/asm/errno.h
  WRAP    arch/arm/include/generated/asm/exec.h
  WRAP    arch/arm/include/generated/asm/hash.h
  WRAP    arch/arm/include/generated/asm/ioctl.h
make[1]: Цель «dct/DrvGen» не требует выполнения команд.
  WRAP    arch/arm/include/generated/asm/irq_regs.h
  WRAP    arch/arm/include/generated/asm/ipcbuf.h
  WRAP    arch/arm/include/generated/asm/kdebug.h
  WRAP    arch/arm/include/generated/asm/local.h
  WRAP    arch/arm/include/generated/asm/local64.h
  WRAP    arch/arm/include/generated/asm/mcs_spinlock.h
  WRAP    arch/arm/include/generated/asm/msgbuf.h
  WRAP    arch/arm/include/generated/asm/param.h
  WRAP    arch/arm/include/generated/asm/parport.h
  WRAP    arch/arm/include/generated/asm/poll.h
  WRAP    arch/arm/include/generated/asm/preempt.h
  WRAP    arch/arm/include/generated/asm/resource.h
  WRAP    arch/arm/include/generated/asm/rwsem.h
  WRAP    arch/arm/include/generated/asm/scatterlist.h
  WRAP    arch/arm/include/generated/asm/sections.h
  WRAP    arch/arm/include/generated/asm/segment.h
  WRAP    arch/arm/include/generated/asm/serial.h
  WRAP    arch/arm/include/generated/asm/sembuf.h
  WRAP    arch/arm/include/generated/asm/shmbuf.h
  WRAP    arch/arm/include/generated/asm/siginfo.h
  WRAP    arch/arm/include/generated/asm/simd.h
  WRAP    arch/arm/include/generated/asm/sizes.h
  WRAP    arch/arm/include/generated/asm/socket.h
  WRAP    arch/arm/include/generated/asm/sockios.h
  WRAP    arch/arm/include/generated/asm/termbits.h
  WRAP    arch/arm/include/generated/asm/termios.h
  WRAP    arch/arm/include/generated/asm/timex.h
  WRAP    arch/arm/include/generated/asm/unaligned.h
  WRAP    arch/arm/include/generated/asm/trace_clock.h
  CHK     include/generated/uapi/linux/version.h
  UPD     include/generated/uapi/linux/version.h
  UPD     include/config/kernel.release
  CC      scripts/mod/empty.o
  HOSTCC  scripts/dtc/dtc.o
  CHK     include/generated/utsrelease.h
  HOSTCC  scripts/selinux/genheaders/genheaders
  UPD     include/generated/utsrelease.h
  HOSTCC  scripts/mod/mk_elfconfig
  CC      scripts/mod/devicetable-offsets.s
  HOSTCC  scripts/dtc/flattree.o
  GEN     scripts/mod/devicetable-offsets.h
  HOSTCC  scripts/dtc/fstree.o
  MKELF   scripts/mod/elfconfig.h
  HOSTCC  scripts/mod/modpost.o
  HOSTCC  scripts/selinux/mdp/mdp
  HOSTCC  scripts/dtc/data.o
  HOSTCC  scripts/kallsyms
  HOSTCC  scripts/dtc/livetree.o
  HOSTCC  scripts/dtc/treesource.o
  HOSTCC  scripts/sortextable
  HOSTCC  scripts/dtc/srcpos.o
  HOSTCC  scripts/dtc/checks.o
  HOSTCC  scripts/dtc/util.o
  HOSTCC  scripts/mod/file2alias.o
  HOSTCC  scripts/mod/sumversion.o
  SHIPPED scripts/dtc/dtc-lexer.lex.c
  SHIPPED scripts/dtc/dtc-parser.tab.h
  SHIPPED scripts/dtc/dtc-parser.tab.c
  HOSTCC  scripts/dtc/dtc-lexer.lex.o
  Generating include/generated/mach-types.h
  CC      kernel/bounds.s
  GEN     include/generated/bounds.h
  CC      arch/arm/kernel/asm-offsets.s
  HOSTCC  scripts/dtc/dtc-parser.tab.o
  HOSTLD  scripts/mod/modpost
  GEN     include/generated/asm-offsets.h
  CALL    scripts/checksyscalls.sh
  HOSTLD  scripts/dtc/dtc
  CC      init/main.o
  CHK     include/generated/compile.h
  CC      init/do_mounts.o
  HOSTCC  usr/gen_init_cpio
  UPD     include/generated/compile.h
  CC      init/do_mounts_initrd.o
  GEN     usr/initramfs_data.cpio.gz
  AS      usr/initramfs_data.o
  LD      usr/built-in.o
  CC      arch/arm/vfp/vfpmodule.o
  CC      init/noinitramfs.o
  CC      init/initramfs.o
  AS      arch/arm/vfp/entry.o
  AS      arch/arm/vfp/vfphw.o
  CC      arch/arm/vfp/vfpsingle.o
  CC      arch/arm/vfp/vfpdouble.o
  CC      init/calibrate.o
  CC      init/init_task.o
  CC      init/version.o
  CC      arch/arm/kernel/elf.o
  LD      init/mounts.o
  CC      arch/arm/mm/dma-mapping.o
  LD      init/built-in.o
  CC      arch/arm/common/firmware.o
  AS      arch/arm/kernel/entry-common.o
  LD      arch/arm/vfp/vfp.o
  LD      arch/arm/vfp/built-in.o
  CC      arch/arm/kernel/irq.o
  LD      arch/arm/net/built-in.o
  AS      arch/arm/crypto/aes-armv4.o
  CC      arch/arm/crypto/aes_glue.o
  AS      arch/arm/crypto/aes-armv8-bcm.o
  CC      arch/arm/crypto/aes-armv8-bcm-glue.o
  LD      arch/arm/common/built-in.o
  LD      arch/arm/firmware/built-in.o
  CC      arch/arm/mach-mediatek/core.o
  CC      arch/arm/kernel/opcodes.o
  LD      arch/arm/mach-mediatek/built-in.o
  CC      kernel/fork.o
  CC      arch/arm/mm/extable.o
  AS      arch/arm/crypto/sha256-core.o
  CC      arch/arm/kernel/process.o
  CC      arch/arm/crypto/sha256_glue.o
  CC      arch/arm/mm/fault.o
  CC      arch/arm/crypto/sha256_neon_glue.o
  CC      arch/arm/kernel/ptrace.o
  CC      arch/arm/mm/init.o
  AS      arch/arm/crypto/sha2-ce-core.o
  CC      arch/arm/crypto/sha2-ce-glue.o
  CC      arch/arm/kernel/return_address.o
  CC      arch/arm/mm/iomap.o
  LD      arch/arm/crypto/aes-arm.o
  LD      arch/arm/crypto/aes-arm-ce.o
  CC      kernel/exec_domain.o
  LD      arch/arm/crypto/sha256-arm.o
  LD      arch/arm/crypto/sha2-arm-ce.o
  LD      arch/arm/crypto/built-in.o
  CC      mm/filemap.o
  CC      arch/arm/kernel/setup.o
  CC      arch/arm/mm/fault-armv.o
  CC      kernel/panic.o
  CC      arch/arm/mm/flush.o
  CC      kernel/cpu.o
  CC      arch/arm/kernel/signal.o
  CC      arch/arm/mm/idmap.o
  AS      arch/arm/kernel/sigreturn_codes.o
  CC      arch/arm/kernel/stacktrace.o
  CC      arch/arm/mm/ioremap.o
  CC      mm/mempool.o
  CC      arch/arm/kernel/sys_arm.o
  CC      kernel/exit.o
  CC      arch/arm/mm/mmap.o
  CC      arch/arm/kernel/time.o
  CC      mm/oom_kill.o
  CC      arch/arm/kernel/traps.o
  CC      arch/arm/mm/pgd.o
  CC      arch/arm/mm/mmu.o
  CC      mm/maccess.o
  CC      arch/arm/kernel/atags_parse.o
  CC      kernel/softirq.o
  CC      mm/page_alloc.o
  AS      arch/arm/kernel/entry-armv.o
  CC      arch/arm/kernel/cpuidle.o
  AS      arch/arm/kernel/sleep.o
  CC      arch/arm/kernel/suspend.o
  CC      arch/arm/mm/alignment.o
  CC      arch/arm/kernel/hibernate.o
  CC      arch/arm/kernel/smp.o
  CC      kernel/resource.o
  CC      arch/arm/mm/highmem.o
  AS      arch/arm/mm/abort-ev7.o
  AS      arch/arm/mm/pabort-v7.o
  AS      arch/arm/mm/cache-v7.o
  CC      arch/arm/mm/copypage-v6.o
  CC      kernel/sysctl.o
  CC      arch/arm/kernel/smp_tlb.o
  CC      arch/arm/mm/context.o
  CC      mm/page-writeback.o
  CC      arch/arm/kernel/arch_timer.o
  CC      arch/arm/kernel/devtree.o
  AS      arch/arm/mm/tlb-v7.o
  AS      arch/arm/mm/proc-v7.o
  AS      arch/arm/mm/mt_cache_v7.o
  CC      arch/arm/mm/mt_innercache.o
  CC      arch/arm/kernel/swp_emulate.o
  LD      arch/arm/mm/built-in.o
  CC      kernel/sysctl_binary.o
  CC      fs/open.o
  CC      arch/arm/kernel/hw_breakpoint.o
  CC      kernel/capability.o
  CC      mm/readahead.o
  CC      arch/arm/kernel/perf_regs.o
  CC      fs/read_write.o
  CC      arch/arm/kernel/perf_event.o
  CC      kernel/ptrace.o
  CC      mm/swap.o
  CC      fs/file_table.o
  CC      arch/arm/kernel/perf_event_cpu.o
  CC      kernel/user.o
  CC      kernel/signal.o
  CC      fs/super.o
  CC      mm/truncate.o
  CC      arch/arm/kernel/topology.o
  CC      arch/arm/kernel/io.o
  CC      fs/char_dev.o
  AS      arch/arm/kernel/hyp-stub.o
  CC      mm/vmscan.o
  CC      arch/arm/kernel/psci.o
  AS      arch/arm/kernel/psci-call.o
  CC      fs/stat.o
  CC      arch/arm/kernel/psci_smp.o
  AS      arch/arm/kernel/head.o
  LDS     arch/arm/kernel/vmlinux.lds
  LD      arch/arm/kernel/built-in.o
  CC      fs/exec.o
  CC      kernel/sys.o
  LD      ipc/built-in.o
  CC      kernel/kmod.o
  CC      fs/pipe.o
  CC      fs/namei.o
  CC      kernel/workqueue.o
  CC      mm/shmem.o
  CC      fs/fcntl.o
  CC      fs/ioctl.o
  CC      mm/util.o
  CC      mm/mmzone.o
  CC      mm/vmstat.o
  CC      kernel/pid.o
  CC      fs/readdir.o
  CC      mm/backing-dev.o
  CC      fs/select.o
  CC      mm/mm_init.o
  CC      mm/mmu_context.o
  CC      kernel/task_work.o
  CC      mm/percpu.o
  CC      kernel/extable.o
  CC      mm/slab_common.o
  CC      kernel/params.o
  CC      fs/dcache.o
  CC      kernel/kthread.o
  CC      mm/compaction.o
  CC      mm/vmacache.o
  CC      kernel/sys_ni.o
  CC      kernel/nsproxy.o
  CC      mm/interval_tree.o
  CC      kernel/notifier.o
  CC      mm/list_lru.o
  CC      mm/workingset.o
  CC      fs/inode.o
  CC      kernel/ksysfs.o
  CC      mm/iov_iter.o
  CC      kernel/cred.o
  CC      mm/debug.o
  CC      mm/fremap.o
  CC      mm/gup.o
  CC      kernel/reboot.o
  CC      fs/attr.o
  CC      fs/bad_inode.o
  CC      mm/highmem.o
  CC      kernel/async.o
  CC      fs/file.o
  CC      fs/filesystems.o
  CC      kernel/range.o
  CC      kernel/groups.o
  CC      mm/memory.o
  CC      fs/namespace.o
  CC      kernel/smpboot.o
  CC      fs/seq_file.o
  CC      kernel/bpf/core.o
  CC      fs/xattr.o
  CC      mm/mincore.o
  LD      kernel/bpf/built-in.o
  CC      kernel/events/core.o
  CC      mm/mlock.o
  CC      fs/libfs.o
  CC      fs/fs-writeback.o
  CC      mm/mmap.o
  CC      fs/pnode.o
  CC      fs/splice.o
  CC      fs/sync.o
  CC      mm/mprotect.o
  CC      mm/mremap.o
  CC      fs/utimes.o
  CC      mm/msync.o
  CC      kernel/events/ring_buffer.o
  CC      fs/stack.o
  CC      mm/rmap.o
  CC      mm/vmalloc.o
  CC      fs/fs_struct.o
  CC      kernel/events/callchain.o
  CC      fs/statfs.o
  CC      kernel/events/hw_breakpoint.o
  CC      mm/pagewalk.o
  CC      fs/fs_pin.o
  CC      fs/buffer.o
  LD      kernel/events/built-in.o
  CC      kernel/irq/irqdesc.o
  CC      mm/pgtable-generic.o
  CC      mm/process_vm_access.o
  CC      kernel/irq/handle.o
  CC      mm/init-mm.o
  CC      kernel/irq/manage.o
  CC      mm/nobootmem.o
  CC      kernel/irq/spurious.o
  CC      kernel/irq/resend.o
  CC      mm/fadvise.o
  CC      kernel/irq/chip.o
  CC      kernel/irq/dummychip.o
  CC      mm/madvise.o
  CC      kernel/irq/devres.o
  CC      kernel/irq/autoprobe.o
  CC      kernel/irq/irqdomain.o
  CC      fs/block_dev.o
  CC      kernel/irq/proc.o
  CC      mm/memblock.o
  CC      fs/direct-io.o
  CC      kernel/irq/pm.o
  CC      mm/page_io.o
  CC      fs/mpage.o
  LD      kernel/irq/built-in.o
  CC      kernel/locking/mutex.o
  CC      mm/swap_state.o
  CC      kernel/locking/semaphore.o
  CC      fs/proc_namespace.o
  CC      mm/swapfile.o
  CC      kernel/locking/rwsem.o
  CC      fs/configfs/inode.o
  CC      fs/debugfs/inode.o
  CC      kernel/locking/mcs_spinlock.o
  CC      kernel/locking/spinlock.o
  CC      fs/configfs/file.o
  CC      kernel/locking/lglock.o
  CC      fs/debugfs/file.o
  CC      kernel/locking/rtmutex.o
  CC      fs/configfs/dir.o
  CC      mm/dmapool.o
  LD      fs/debugfs/debugfs.o
  LD      fs/debugfs/built-in.o
  CC      fs/devpts/inode.o
  CC      kernel/locking/rwsem-xadd.o
  CC      mm/slub.o
  LD      kernel/locking/built-in.o
  CC      kernel/power/qos.o
  CC      fs/configfs/symlink.o
  LD      fs/devpts/devpts.o
  LD      fs/devpts/built-in.o
  CC      fs/configfs/mount.o
  CC      fs/configfs/item.o
  LD      fs/exofs/built-in.o
  CC      fs/ext4/balloc.o
  CC      kernel/power/main.o
  LD      fs/configfs/configfs.o
  LD      fs/configfs/built-in.o
  CC      fs/fat/cache.o
  CC      fs/fat/dir.o
  CC      kernel/power/process.o
  CC      fs/ext4/bitmap.o
  CC      mm/migrate.o
  CC      kernel/power/suspend.o
  CC      fs/ext4/dir.o
  CC      fs/fat/fatent.o
  CC      kernel/power/hibernate.o
  CC      mm/zsmalloc.o
  CC      fs/ext4/file.o
  CC      fs/fat/file.o
  LD      mm/built-in.o
  CC      security/integrity/iint.o
  CC      kernel/power/snapshot.o
  CC      security/integrity/integrity_audit.o
  CC      fs/ext4/fsync.o
  LD      security/integrity/integrity.o
  LD      security/integrity/built-in.o
  CC      security/keys/gc.o
  CC      fs/fat/inode.o
  CC      security/keys/key.o
  CC      fs/ext4/ialloc.o
  CC      kernel/power/swap.o
  CC      security/keys/keyring.o
  CC      fs/fat/misc.o
  CC      security/keys/keyctl.o
  CC      fs/fat/nfs.o
  CC      kernel/power/user.o
  CC      fs/ext4/inode.o
  CC      fs/fat/namei_vfat.o
  CC      kernel/power/block_io.o
  CC      security/keys/permission.o
  CC      kernel/power/autosleep.o
  CC      security/keys/process_keys.o
  CC      kernel/power/wakelock.o
  CC      fs/fat/namei_msdos.o
  CC      security/keys/request_key.o
  CC      kernel/power/poweroff.o
  CC      security/keys/request_key_auth.o
  CC      kernel/power/wakeup_reason.o
  LD      fs/fat/fat.o
  LD      fs/fat/vfat.o
  LD      fs/fat/msdos.o
  LD      fs/fat/built-in.o
  CC      fs/fuse/dev.o
  CC      security/keys/user_defined.o
  LD      kernel/power/built-in.o
  CC      kernel/printk/printk.o
  CC      security/keys/proc.o
  CC      security/keys/sysctl.o
  CC      security/keys/encrypted-keys/encrypted.o
  CC      fs/ext4/page-io.o
  CC      fs/fuse/dir.o
  CC      security/keys/encrypted-keys/ecryptfs_format.o
  LD      kernel/printk/built-in.o
  CC      kernel/rcu/update.o
  LD      security/keys/encrypted-keys/encrypted-keys.o
  LD      security/keys/encrypted-keys/built-in.o
  LD      security/keys/built-in.o
  GEN     security/selinux/flask.h security/selinux/av_permissions.h
  CC      security/selinux/avc.o
  CC      fs/ext4/ioctl.o
  CC      kernel/rcu/srcu.o
  CC      fs/fuse/file.o
  CC      kernel/rcu/tree.o
  CC      fs/ext4/namei.o
  CC      security/selinux/hooks.o
  CC      fs/fuse/inode.o
  CC      fs/ext4/super.o
  LD      kernel/rcu/built-in.o
  CC      kernel/sched/core.o
  CC      fs/fuse/control.o
  LD      fs/fuse/fuse.o
  LD      fs/fuse/built-in.o
  CC      fs/isofs/namei.o
  CC      security/selinux/selinuxfs.o
  CC      fs/isofs/inode.o
  CC      fs/isofs/dir.o
  CC      security/selinux/netlink.o
  CC      fs/isofs/util.o
  CC      security/selinux/nlmsgtab.o
  CC      fs/isofs/rock.o
  CC      fs/isofs/export.o
  CC      security/selinux/netif.o
  CC      fs/isofs/joliet.o
  CC      security/selinux/netnode.o
  CC      fs/isofs/compress.o
  LD      fs/isofs/isofs.o
  LD      fs/isofs/built-in.o
  CC      fs/jbd2/transaction.o
  CC      kernel/sched/proc.o
  CC      security/selinux/netport.o
  CC      kernel/sched/clock.o
  CC      kernel/sched/cputime.o
  CC      security/selinux/exports.o
  CC      security/selinux/ss/ebitmap.o
  CC      kernel/sched/idle_task.o
  CC      fs/jbd2/commit.o
  CC      kernel/sched/fair.o
  CC      fs/ext4/symlink.o
  CC      security/selinux/ss/hashtab.o
  CC      fs/ext4/hash.o
  CC      fs/jbd2/recovery.o
  CC      security/selinux/ss/symtab.o
  CC      security/selinux/ss/sidtab.o
  CC      fs/ext4/resize.o
  CC      fs/jbd2/checkpoint.o
  CC      security/selinux/ss/avtab.o
  CC      fs/jbd2/revoke.o
  CC      security/selinux/ss/policydb.o
  CC      fs/jbd2/journal.o
  CC      fs/ext4/extents.o
  CC      kernel/sched/rt.o
  CC      kernel/sched/deadline.o
  CC      security/selinux/ss/services.o
  LD      fs/jbd2/jbd2.o
  LD      fs/jbd2/built-in.o
  CC      fs/kernfs/mount.o
  CC      kernel/sched/stop_task.o
  CC      fs/kernfs/inode.o
  CC      kernel/sched/wait.o
  CC      fs/ext4/ext4_jbd2.o
  CC      fs/kernfs/dir.o
  CC      kernel/sched/completion.o
  CC      security/selinux/ss/conditional.o
  CC      kernel/sched/idle.o
  CC      fs/ext4/migrate.o
  CC      kernel/sched/cpupri.o
  CC      fs/kernfs/file.o
  CC      kernel/sched/cpudeadline.o
  CC      security/selinux/ss/mls.o
  CC      fs/ext4/mballoc.o
  CC      kernel/sched/stats.o
  CC      fs/kernfs/symlink.o
  LD      fs/kernfs/built-in.o
  CC      kernel/sched/debug.o
  CC      fs/nls/nls_base.o
  CC      security/selinux/ss/status.o
  CC      fs/nls/nls_cp437.o
  CC      fs/nls/nls_cp950.o
  LD      security/selinux/selinux.o
  LD      security/selinux/built-in.o
  CC      security/commoncap.o
  CC      fs/nls/nls_ascii.o
  CC      fs/nls/nls_iso8859-1.o
  CC      fs/nls/nls_utf8.o
  CC      security/min_addr.o
  LD      fs/nls/built-in.o
  CC      fs/notify/fsnotify.o
  CC      kernel/sched/cpuacct.o
  CC      security/security.o
  LD      kernel/sched/built-in.o
  CC      fs/notify/notification.o
  HZFILE  kernel/time/hz.bc
  CC      kernel/time/timer.o
  CC      fs/notify/group.o
  CC      fs/ext4/block_validity.o
  CC      security/capability.o
  CC      fs/notify/inode_mark.o
  CC      fs/ext4/move_extent.o
  CC      fs/notify/mark.o
  CC      kernel/time/hrtimer.o
  CC      fs/ext4/mmp.o
  CC      security/lsm_audit.o
  CC      fs/notify/vfsmount_mark.o
  CC      fs/ext4/indirect.o
  CC      fs/notify/fdinfo.o
  CC      kernel/time/itimer.o
  CC      fs/notify/dnotify/dnotify.o
  LD      security/built-in.o
  CC      crypto/api.o
  CC      kernel/time/posix-timers.o
  LD      fs/notify/dnotify/built-in.o
  LD      fs/notify/fanotify/built-in.o
  CC      fs/notify/inotify/inotify_fsnotify.o
  CC      crypto/cipher.o
  CC      fs/notify/inotify/inotify_user.o
  CC      fs/ext4/extents_status.o
  CC      crypto/compress.o
  CC      kernel/time/posix-cpu-timers.o
  LD      fs/notify/inotify/built-in.o
  LD      fs/notify/built-in.o
  CC      fs/proc/task_mmu.o
  CC      crypto/memneq.o
  CC      fs/ext4/xattr.o
  CC      kernel/time/timekeeping.o
  CC      crypto/crypto_wq.o
  CC      fs/proc/inode.o
  CC      crypto/algapi.o
  CC      kernel/time/ntp.o
  CC      fs/proc/root.o
  CC      fs/ext4/xattr_user.o
  CC      crypto/scatterwalk.o
  CC      kernel/time/clocksource.o
  CC      fs/proc/base.o
  CC      fs/ext4/xattr_trusted.o
  CC      crypto/proc.o
  CC      kernel/time/jiffies.o
  CC      fs/ext4/inline.o
  CC      kernel/time/timer_list.o
  CC      crypto/aead.o
  CC      kernel/time/timeconv.o
  CC      fs/proc/generic.o
  CC      kernel/time/posix-clock.o
  CC      crypto/ablkcipher.o
  CC      fs/ext4/readpage.o
  CC      fs/proc/array.o
  CC      kernel/time/alarmtimer.o
  CC      fs/ext4/xattr_security.o
  CC      crypto/blkcipher.o
  CC      kernel/time/clockevents.o
  CC      fs/proc/fd.o
  CC      fs/ext4/crypto_policy.o
  CC      fs/proc/proc_tty.o
  CC      kernel/time/tick-common.o
  CC      crypto/chainiv.o
  CC      fs/proc/cmdline.o
  CC      fs/ext4/crypto.o
  CC      kernel/time/tick-broadcast.o
  CC      fs/proc/consoles.o
  CC      crypto/eseqiv.o
  CC      fs/proc/cpuinfo.o
  CC      fs/ext4/crypto_key.o
  CC      kernel/time/tick-broadcast-hrtimer.o
  CC      fs/proc/devices.o
  CC      fs/proc/interrupts.o
  CC      crypto/seqiv.o
  CC      kernel/time/sched_clock.o
  CC      fs/proc/loadavg.o
  CC      kernel/time/tick-oneshot.o
  CC      fs/ext4/crypto_fname.o
  CC      crypto/ahash.o
  CC      fs/proc/meminfo.o
  CC      kernel/time/tick-sched.o
  CC      fs/proc/stat.o
  LD      fs/ext4/ext4.o
  LD      fs/ext4/built-in.o
  CC      crypto/shash.o
  CC      fs/pstore/inode.o
  CC      fs/proc/uptime.o
  CC      kernel/time/timekeeping_debug.o
  CC      fs/proc/version.o
  BC      kernel/time/timeconst.h
  CC      kernel/time/time.o
  CC      fs/pstore/platform.o
  CC      fs/proc/softirqs.o
  CC      crypto/pcompress.o
  CC      fs/pstore/pmsg.o
  CC      fs/proc/namespaces.o
  LD      kernel/time/built-in.o
  CC      kernel/trace/trace_clock.o
  CC      fs/pstore/ram.o
  CC      kernel/trace/ring_buffer.o
  CC      crypto/algboss.o
  CC      fs/proc/self.o
  CC      fs/pstore/ram_core.o
  CC      fs/proc/thread_self.o
  CC      crypto/testmgr.o
  LD      fs/pstore/pstore.o
  LD      fs/pstore/ramoops.o
  LD      fs/pstore/built-in.o
  LD      fs/quota/built-in.o
  CC      fs/ramfs/inode.o
  CC      fs/proc/proc_sysctl.o
  CC      crypto/hmac.o
  CC      fs/ramfs/file-mmu.o
  LD      fs/ramfs/ramfs.o
  LD      fs/ramfs/built-in.o
  CC      crypto/xcbc.o
  CC      kernel/trace/trace.o
  CC      fs/proc/proc_net.o
  CC      crypto/crypto_null.o
  CC      crypto/md5.o
  CC      crypto/sha1_generic.o
  CC      fs/proc/kmsg.o
  CC      fs/proc/page.o
  CC      crypto/sha256_generic.o
  CC      crypto/gf128mul.o
  LD      fs/proc/proc.o
  LD      fs/proc/built-in.o
  CC      fs/sysfs/file.o
  CC      crypto/ecb.o
  CC      fs/sysfs/dir.o
  CC      crypto/cbc.o
  CC      kernel/trace/trace_output.o
  CC      fs/sysfs/symlink.o
  CC      crypto/cts.o
  CC      fs/sysfs/mount.o
  CC      fs/sysfs/group.o
  CC      crypto/xts.o
  LD      fs/sysfs/built-in.o
  CC      fs/eventpoll.o
  CC      crypto/ctr.o
  CC      kernel/trace/trace_seq.o
  CC      crypto/cryptd.o
  CC      kernel/trace/trace_stat.o
  CC      crypto/des_generic.o
  CC      fs/anon_inodes.o
  CC      kernel/trace/trace_printk.o
  CC      fs/signalfd.o
  CC      crypto/twofish_generic.o
  CC      crypto/twofish_common.o
  CC      kernel/trace/trace_sched_switch.o
  CC      crypto/aes_generic.o
  CC      fs/timerfd.o
  CC      crypto/arc4.o
  CC      kernel/trace/trace_nop.o
  CC      kernel/trace/blktrace.o
  CC      kernel/trace/trace_events.o
  CC      fs/eventfd.o
  CC      crypto/deflate.o
  CC      kernel/trace/trace_export.o
  CC      crypto/crc32c_generic.o
  CC      fs/aio.o
  CC      crypto/authenc.o
  CC      kernel/trace/trace_event_perf.o
  CC      kernel/trace/trace_events_filter.o
  CC      kernel/trace/trace_events_trigger.o
  CC      crypto/authencesn.o
  CC      fs/locks.o
  CC      kernel/trace/power-traces.o
  CC      kernel/trace/mtk_trace.o
  CC      crypto/lzo.o
  CC      crypto/rng.o
  CC      crypto/krng.o
  LD      kernel/trace/built-in.o
  CC      fs/binfmt_script.o
  CC      kernel/freezer.o
  CC      crypto/ablk_helper.o
  LD      crypto/crypto.o
  LD      crypto/crypto_algapi.o
  CC      kernel/profile.o
  CC      fs/binfmt_elf.o
  LD      crypto/crypto_blkcipher.o
  LD      crypto/crypto_hash.o
  LD      crypto/cryptomgr.o
  LD      crypto/built-in.o
  CC      kernel/stacktrace.o
  CC      block/bio.o
  CC      kernel/futex.o
  CC      kernel/smp.o
  CC      kernel/uid16.o
  CC      fs/mbcache.o
  CC      block/elevator.o
  CC      kernel/kallsyms.o
  CC      drivers/amba/bus.o
  CC      kernel/cgroup.o
  CC      fs/coredump.o
  LD      drivers/amba/built-in.o
  LD      drivers/auxdisplay/built-in.o
  CC      drivers/base/component.o
  CC      block/blk-core.o
  CC      drivers/base/core.o
  CC      fs/drop_caches.o
  CC      fs/dcookies.o
  LD      fs/built-in.o
  CC      drivers/base/bus.o
  CC      sound/sound_core.o
  CC      sound/sound_firmware.o
  CC      kernel/res_counter.o
  CC      drivers/base/dd.o
  LD      sound/arm/built-in.o
  LD      sound/atmel/built-in.o
  CC      sound/core/sound.o
  CC      block/blk-tag.o
  CC      kernel/stop_machine.o
  CC      drivers/base/syscore.o
  CC      sound/core/init.o
  CC      kernel/audit.o
  CC      block/blk-sysfs.o
  CC      drivers/base/driver.o
  CC      drivers/base/class.o
  CC      sound/core/memory.o
  CC      sound/core/info.o
  CC      block/blk-flush.o
  CC      drivers/base/platform.o
  CC      block/blk-settings.o
  CC      sound/core/control.o
  CC      kernel/auditfilter.o
  CC      drivers/base/cpu.o
  CC      block/blk-ioc.o
  CC      drivers/base/firmware.o
  CC      drivers/base/init.o
  CC      drivers/base/map.o
  CC      sound/core/misc.o
  CC      block/blk-map.o
  CC      kernel/auditsc.o
  CC      drivers/base/devres.o
  CC      sound/core/device.o
  CC      block/blk-exec.o
  CC      sound/core/sound_oss.o
  CC      drivers/base/attribute_container.o
  CC      sound/core/info_oss.o
  CC      block/blk-merge.o
  CC      drivers/base/transport_class.o
  CC      drivers/base/topology.o
  CC      sound/core/jack.o
  CC      kernel/audit_watch.o
  CC      sound/core/hwdep.o
  CC      drivers/base/container.o
  CC      block/blk-softirq.o
  CC      drivers/base/property.o
  CC      kernel/audit_tree.o
  CC      sound/core/timer.o
  CC      drivers/base/power/sysfs.o
  CC      block/blk-timeout.o
  CC      drivers/base/power/generic_ops.o
  CC      block/blk-iopoll.o
  CC      drivers/base/power/common.o
  CC      kernel/seccomp.o
  CC      drivers/base/power/qos.o
  CC      block/blk-lib.o
  CC      sound/core/pcm.o
  CC      kernel/utsname_sysctl.o
  CC      drivers/base/power/runtime.o
  CC      block/blk-mq.o
  CC      kernel/tracepoint.o
  CC      drivers/base/power/main.o
  CC      sound/core/pcm_native.o
  CC      kernel/elfcore.o
  CC      kernel/irq_work.o
  CC      kernel/cpu_pm.o
  LD      kernel/built-in.o
  CC      drivers/base/power/wakeup.o
  CC      block/blk-mq-tag.o
  LD      firmware/built-in.o
  CC      drivers/block/loop.o
  CC      sound/core/pcm_lib.o
  CC      block/blk-mq-sysfs.o
  CC      drivers/base/power/clock_ops.o
  LD      drivers/base/power/built-in.o
  CC      drivers/base/regmap/regmap.o
  CC      drivers/block/zram/zcomp_lzo.o
  CC      block/blk-mq-cpu.o
  CC      drivers/block/zram/zcomp.o
  CC      block/blk-mq-cpumap.o
  CC      drivers/block/zram/zram_drv.o
  CC      sound/core/pcm_timer.o
  CC      block/ioctl.o
  CC      sound/core/pcm_misc.o
  CC      block/uuid.o
  CC      sound/core/pcm_memory.o
  CC      drivers/base/regmap/regcache.o
  CC      drivers/block/zram/zcomp_lz4k.o
  LD      drivers/block/zram/zram.o
  LD      drivers/block/zram/built-in.o
  LD      drivers/block/built-in.o
  LD      drivers/bus/built-in.o
  LD      drivers/cdrom/built-in.o
  CC      drivers/char/mem.o
  CC      sound/core/memalloc.o
  CC      block/genhd.o
  CC      drivers/base/regmap/regcache-rbtree.o
  CC      drivers/char/random.o
  CC      sound/core/rawmidi.o
  CC      drivers/base/regmap/regcache-lzo.o
  CC      drivers/base/regmap/regcache-flat.o
  CC      block/scsi_ioctl.o
  CC      drivers/base/regmap/regmap-debugfs.o
  CC      sound/core/oss/mixer_oss.o
  CC      drivers/base/regmap/regmap-i2c.o
  CC      drivers/char/misc.o
  CC      block/partition-generic.o
  CC      drivers/base/regmap/regmap-spi.o
  LD      drivers/char/agp/built-in.o
  LD      drivers/char/built-in.o
  CC      drivers/base/dma-mapping.o
  CC      sound/core/oss/pcm_oss.o
  CC      drivers/base/regmap/regmap-mmio.o
  CC      block/ioprio.o
  CC      drivers/base/dma-coherent.o
  LD      drivers/base/regmap/built-in.o
  CC      drivers/base/firmware_class.o
  CC      block/partitions/check.o
  CC      drivers/base/pinctrl.o
  CC      drivers/clk/clk-devres.o
  CC      drivers/clk/clkdev.o
  CC      block/partitions/msdos.o
  LD      drivers/base/built-in.o
  CC      drivers/clocksource/clksrc-of.o
  CC      drivers/clk/clk.o
  CC      drivers/clocksource/dummy_timer.o
  CC      sound/core/oss/pcm_plugin.o
  CC      block/partitions/efi.o
  LD      drivers/clocksource/built-in.o
  CC      drivers/cpufreq/cpufreq.o
  CC      sound/core/oss/io.o
  LD      block/partitions/built-in.o
  CC      block/noop-iosched.o
  CC      drivers/clk/clk-divider.o
  CC      sound/core/oss/copy.o
  CC      drivers/clk/clk-fixed-factor.o
  CC      block/deadline-iosched.o
  CC      sound/core/oss/linear.o
  CC      drivers/cpufreq/freq_table.o
  CC      drivers/clk/clk-fixed-rate.o
  CC      drivers/cpufreq/cpufreq_stats.o
  CC      sound/core/oss/mulaw.o
  CC      drivers/clk/clk-gate.o
  CC      block/cfq-iosched.o
  CC      drivers/clk/clk-mux.o
  CC      sound/core/oss/route.o
  CC      drivers/cpufreq/cpufreq_performance.o
  CC      drivers/clk/clk-composite.o
  CC      drivers/cpufreq/cpufreq_powersave.o
  CC      drivers/clk/clk-fractional-divider.o
  CC      sound/core/oss/rate.o
  CC      drivers/cpufreq/cpufreq_userspace.o
  CC      drivers/cpufreq/cpufreq_ondemand.o
  CC      drivers/clk/clk-gpio-gate.o
  LD      sound/core/oss/snd-mixer-oss.o
  LD      sound/core/oss/snd-pcm-oss.o
  LD      sound/core/oss/built-in.o
  CC      sound/core/seq/seq.o
  CC      drivers/clk/clk-conf.o
  LD      block/built-in.o
  CC      net/socket.o
  CC      sound/core/seq/seq_lock.o
  CC      drivers/clk/mediatek/clk-mtk-v1.o
  CC      drivers/cpufreq/cpufreq_interactive.o
  CC      sound/core/seq/seq_clientmgr.o
  CC      drivers/clk/mediatek/clk-pll-v1.o
  CC      drivers/clk/mediatek/clk-gate-v1.o
  CC      drivers/clk/mediatek/clk-mt6735.o
  CC      drivers/clk/mediatek/clk-mt6735-pll.o
  CC      drivers/cpufreq/cpufreq_governor.o
  CC      sound/core/seq/seq_memory.o
  CC      net/802/p8022.o
  CC      drivers/clk/mediatek/clk-mt6735-pg.o
  LD      drivers/cpufreq/built-in.o
  CC      drivers/cpuidle/cpuidle.o
  CC      sound/core/seq/seq_queue.o
  LD      drivers/clk/mediatek/built-in.o
  LD      drivers/clk/built-in.o
  CC      net/802/psnap.o
  LD      drivers/crypto/built-in.o
  CC      drivers/dma-buf/dma-buf.o
  CC      drivers/cpuidle/driver.o
  CC      sound/core/seq/seq_fifo.o
  CC      drivers/cpuidle/governor.o
  CC      net/802/stp.o
  CC      drivers/dma-buf/fence.o
  CC      drivers/cpuidle/sysfs.o
  CC      sound/core/seq/seq_prioq.o
  CC      drivers/cpuidle/governors/ladder.o
  LD      net/802/built-in.o
  CC      net/8021q/vlan_core.o
  CC      sound/core/seq/seq_timer.o
  CC      drivers/cpuidle/governors/menu.o
  CC      drivers/dma-buf/reservation.o
  CC      drivers/cpuidle/governors/mtk_governor.o
  CC      sound/core/seq/seq_system.o
  CC      net/8021q/vlan.o
  CC      drivers/dma-buf/seqno-fence.o
  LD      drivers/cpuidle/governors/built-in.o
  CC      drivers/cpuidle/cpuidle-mt6735.o
  CC      sound/core/seq/seq_ports.o
  LD      drivers/cpuidle/built-in.o
  LD      drivers/firewire/built-in.o
  LD      drivers/firmware/built-in.o
  CC      drivers/gpio/devres.o
  LD      drivers/dma-buf/built-in.o
  CC      net/8021q/vlan_dev.o
  CC      drivers/gpio/gpiolib.o
  CC      sound/core/seq/seq_info.o
  CC      net/8021q/vlan_netlink.o
  CC      sound/core/seq/seq_device.o
  CC      net/8021q/vlanproc.o
  CC      drivers/gpio/gpiolib-legacy.o
  CC      drivers/gpio/gpiolib-of.o
  CC      sound/core/seq/seq_midi_event.o
  CC      sound/core/seq/oss/seq_oss.o
  LD      drivers/gpio/built-in.o
  LD      drivers/gpu/drm/bridge/built-in.o
  LD      drivers/gpu/drm/i2c/built-in.o
  LD      drivers/gpu/drm/panel/built-in.o
  LD      drivers/gpu/drm/built-in.o
  LD      drivers/gpu/vga/built-in.o
  LD      drivers/gpu/built-in.o
  CC      drivers/hid/hid-debug.o
  CC      drivers/hid/hid-core.o
  LD      net/8021q/8021q.o
  LD      net/8021q/built-in.o
  CC      net/bridge/br.o
  CC      sound/core/seq/oss/seq_oss_init.o
  CC      sound/core/seq/oss/seq_oss_timer.o
  CC      drivers/hid/hid-input.o
  CC      net/bridge/br_device.o
  CC      sound/core/seq/oss/seq_oss_ioctl.o
  CC      drivers/hid/hidraw.o
  CC      sound/core/seq/oss/seq_oss_event.o
  CC      net/bridge/br_fdb.o
  CC      drivers/hid/uhid.o
  CC      sound/core/seq/oss/seq_oss_rw.o
  CC      sound/core/seq/oss/seq_oss_synth.o
  CC      drivers/hid/hid-generic.o
  CC      net/bridge/br_forward.o
  CC      drivers/hid/hid-a4tech.o
  CC      drivers/hid/hid-apple.o
  CC      sound/core/seq/oss/seq_oss_midi.o
  CC      net/core/sock.o
  CC      drivers/hid/hid-belkin.o
  CC      net/bridge/br_if.o
  CC      sound/core/seq/oss/seq_oss_readq.o
  CC      drivers/hid/hid-cherry.o
  CC      drivers/hid/hid-chicony.o
  CC      sound/core/seq/oss/seq_oss_writeq.o
  CC      drivers/hid/hid-cypress.o
  LD      sound/core/seq/oss/snd-seq-oss.o
  LD      sound/core/seq/oss/built-in.o
  CC      sound/core/seq/seq_dummy.o
  CC      drivers/hid/hid-dr.o
  CC      net/bridge/br_input.o
  CC      sound/core/seq/seq_midi.o
  CC      drivers/hid/hid-ezkey.o
  CC      drivers/hid/hid-gyration.o
  CC      net/core/request_sock.o
  LD      sound/core/seq/snd-seq.o
  LD      sound/core/seq/snd-seq-device.o
  LD      sound/core/seq/snd-seq-midi-event.o
  LD      sound/core/seq/snd-seq-dummy.o
  LD      sound/core/seq/snd-seq-midi.o
  LD      sound/core/seq/built-in.o
  CC      sound/core/compress_offload.o
  CC      net/bridge/br_ioctl.o
  CC      drivers/hid/hid-kensington.o
  CC      drivers/hid/hid-kye.o
  CC      net/core/skbuff.o
  LD      sound/core/snd.o
  CC      drivers/hid/hid-lg.o
  CC      net/bridge/br_stp.o
  LD      sound/core/snd-hwdep.o
  LD      sound/core/snd-timer.o
  LD      sound/core/snd-pcm.o
  LD      sound/core/snd-rawmidi.o
  LD      sound/core/snd-compress.o
  LD      sound/core/built-in.o
  LD      sound/drivers/mpu401/built-in.o
  LD      sound/drivers/opl3/built-in.o
  LD      sound/drivers/opl4/built-in.o
  LD      sound/drivers/pcsp/built-in.o
  LD      sound/drivers/vx/built-in.o
  LD      sound/drivers/built-in.o
  LD      sound/firewire/built-in.o
  LD      sound/i2c/other/built-in.o
  LD      sound/i2c/built-in.o
  LD      sound/isa/ad1816a/built-in.o
  LD      sound/isa/ad1848/built-in.o
  LD      sound/isa/cs423x/built-in.o
  LD      sound/isa/es1688/built-in.o
  LD      sound/isa/galaxy/built-in.o
  LD      sound/isa/gus/built-in.o
  LD      sound/isa/msnd/built-in.o
  LD      sound/isa/opti9xx/built-in.o
  LD      sound/isa/sb/built-in.o
  LD      sound/isa/wavefront/built-in.o
  LD      sound/isa/wss/built-in.o
  LD      sound/isa/built-in.o
  LD      sound/mips/built-in.o
  LD      sound/oss/built-in.o
  LD      sound/parisc/built-in.o
  LD      sound/pci/ac97/built-in.o
  LD      sound/pci/ali5451/built-in.o
  LD      sound/pci/asihpi/built-in.o
  LD      sound/pci/au88x0/built-in.o
  LD      sound/pci/aw2/built-in.o
  LD      sound/pci/ca0106/built-in.o
  LD      sound/pci/cs46xx/built-in.o
  LD      sound/pci/cs5535audio/built-in.o
  LD      sound/pci/ctxfi/built-in.o
  LD      sound/pci/echoaudio/built-in.o
  LD      sound/pci/emu10k1/built-in.o
  LD      sound/pci/hda/built-in.o
  LD      sound/pci/ice1712/built-in.o
  LD      sound/pci/korg1212/built-in.o
  LD      sound/pci/lola/built-in.o
  LD      sound/pci/lx6464es/built-in.o
  LD      sound/pci/mixart/built-in.o
  LD      sound/pci/nm256/built-in.o
  LD      sound/pci/oxygen/built-in.o
  LD      sound/pci/pcxhr/built-in.o
  LD      sound/pci/riptide/built-in.o
  LD      sound/pci/rme9652/built-in.o
  LD      sound/pci/trident/built-in.o
  LD      sound/pci/vx222/built-in.o
  LD      sound/pci/ymfpci/built-in.o
  LD      sound/pci/built-in.o
  CC      drivers/hid/hid-magicmouse.o
  LD      sound/pcmcia/pdaudiocf/built-in.o
  LD      sound/pcmcia/vx/built-in.o
  LD      sound/pcmcia/built-in.o
  LD      sound/ppc/built-in.o
  LD      sound/sh/built-in.o
  CC      sound/soc/soc-core.o
  CC      net/bridge/br_stp_bpdu.o
  CC      drivers/hid/hid-microsoft.o
  CC      drivers/hid/hid-monterey.o
  CC      net/bridge/br_stp_if.o
  CC      drivers/hid/hid-pl.o
  CC      drivers/hid/hid-petalynx.o
  CC      net/core/iovec.o
  CC      drivers/hid/hid-samsung.o
  CC      net/bridge/br_stp_timer.o
  CC      drivers/hid/hid-sjoy.o
  CC      net/core/datagram.o
  CC      drivers/hid/hid-sunplus.o
  CC      net/bridge/br_netlink.o
  CC      drivers/hid/hid-gaff.o
  CC      drivers/hid/hid-tmff.o
  CC      sound/soc/soc-dapm.o
  CC      drivers/hid/hid-topseed.o
  CC      net/bridge/br_sysfs_if.o
  CC      net/core/stream.o
  CC      drivers/hid/hid-twinhan.o
  CC      drivers/hid/hid-zpff.o
  CC      net/core/scm.o
  CC      net/bridge/br_sysfs_br.o
  CC      drivers/hid/usbhid/hid-core.o
  CC      net/core/gen_stats.o
  CC      sound/soc/soc-jack.o
  CC      net/bridge/br_nf_core.o
  CC      drivers/hid/usbhid/hid-quirks.o
  CC      net/core/gen_estimator.o
  CC      sound/soc/soc-cache.o
  LD      drivers/hid/usbhid/usbhid.o
  LD      drivers/hid/usbhid/built-in.o
  LD      drivers/hid/hid.o
  LD      drivers/hid/hid-logitech.o
  CC      net/bridge/br_multicast.o
  LD      drivers/hid/built-in.o
  LD      drivers/hsi/clients/built-in.o
  LD      drivers/hsi/controllers/built-in.o
  LD      drivers/hsi/built-in.o
  CC      drivers/i2c/i2c-boardinfo.o
  CC      drivers/i2c/i2c-core.o
  CC      net/core/net_namespace.o
  CC      sound/soc/soc-utils.o
  CC      sound/soc/soc-pcm.o
  CC      net/core/secure_seq.o
  CC      net/core/flow_dissector.o
  CC      net/bridge/br_mdb.o
  LD      drivers/i2c/algos/built-in.o
  LD      drivers/i2c/busses/built-in.o
  LD      drivers/i2c/muxes/built-in.o
  LD      drivers/i2c/built-in.o
  LD      drivers/idle/built-in.o
  CC      drivers/input/input.o
  CC      net/core/sysctl_net_core.o
  CC      net/bridge/br_netfilter.o
  CC      sound/soc/soc-compress.o
  CC      net/core/dev.o
  CC      sound/soc/soc-io.o
  CC      drivers/input/input-compat.o
  LD      net/bridge/netfilter/built-in.o
  LD      net/bridge/bridge.o
  LD      net/bridge/built-in.o
  CC      sound/soc/soc-devres.o
  CC      net/ethernet/eth.o
  CC      drivers/input/input-mt.o
  LD      sound/soc/adi/built-in.o
  CC      drivers/input/ff-core.o
  LD      sound/soc/atmel/built-in.o
  LD      sound/soc/au1x/built-in.o
  LD      sound/soc/bcm/built-in.o
  LD      net/ethernet/built-in.o
  CC      net/core/ethtool.o
  LD      sound/soc/blackfin/built-in.o
  LD      sound/soc/cirrus/built-in.o
  LD      sound/soc/codecs/built-in.o
  LD      sound/soc/davinci/built-in.o
  LD      sound/soc/dwc/built-in.o
  LD      sound/soc/fsl/built-in.o
  CC      sound/soc/generic/simple-card.o
  CC      drivers/input/evdev.o
  LD      sound/soc/generic/snd-soc-simple-card.o
  LD      sound/soc/generic/built-in.o
  LD      sound/soc/intel/built-in.o
  LD      sound/soc/jz4740/built-in.o
  LD      sound/soc/kirkwood/built-in.o
  CC      sound/soc/mediatek/common/auddrv_devtree_parser.o
  CC      drivers/input/keyboard/mediatek/kpd.o
  CC      drivers/input/misc/uinput.o
  CC      sound/soc/mediatek/common/auddrv_underflow_mach.o
  LD      sound/soc/mediatek/common/built-in.o
  CC      sound/soc/mediatek/mt_soc_audio_v3/AudDrv_Afe.o
  CC      drivers/input/keyboard/mediatek/mt6735/hal_kpd.o
  LD      drivers/input/misc/built-in.o
  CC      drivers/input/touchscreen/of_touchscreen.o
  CC      net/core/dev_addr_lists.o
  CC      drivers/input/touchscreen/mediatek/mtk_tpd.o
  LD      drivers/input/keyboard/mediatek/mt6735/built-in.o
  LD      drivers/input/keyboard/mediatek/built-in.o
  LD      drivers/input/keyboard/built-in.o
  CC      sound/soc/mediatek/mt_soc_audio_v3/AudDrv_Ana.o
  CC      drivers/input/touchscreen/mediatek/tpd_button.o
  CC      drivers/input/touchscreen/mediatek/tpd_calibrate.o
  CC      net/core/dst.o
  CC      net/core/netevent.o
  CC      sound/soc/mediatek/mt_soc_audio_v3/AudDrv_Clk.o
  CC      drivers/input/touchscreen/mediatek/tpd_debug.o
  CC      drivers/iommu/of_iommu.o
  CC      net/core/neighbour.o
  LD      drivers/iommu/built-in.o
  CC      drivers/irqchip/irqchip.o
  CC      sound/soc/mediatek/mt_soc_audio_v3/AudDrv_Gpio.o
  CC      drivers/input/touchscreen/mediatek/tpd_default.o
  CC      drivers/irqchip/irq-mt-gic.o
  CC      drivers/input/touchscreen/mediatek/tpd_init.o
  CC      sound/soc/mediatek/mt_soc_audio_v3/mt_soc_afe_control.o
  CC      drivers/input/touchscreen/mediatek/tpd_misc.o
  CC      drivers/input/touchscreen/mediatek/tpd_setting.o
  CC      drivers/irqchip/irq-mt-eic.o
  CC      drivers/input/touchscreen/mediatek/GT1151/gt1x_extents.o
  CC      net/core/rtnetlink.o
  CC      drivers/input/touchscreen/mediatek/GT1151/gt1x_generic.o
  LD      drivers/irqchip/built-in.o
  CC      drivers/leds/led-core.o
  CC      drivers/leds/led-class.o
  CC      sound/soc/mediatek/mt_soc_audio_v3/mt_soc_afe_connection.o
  CC      drivers/leds/led-triggers.o
  CC      drivers/input/touchscreen/mediatek/GT1151/gt1x_tools.o
  CC      sound/soc/mediatek/mt_soc_audio_v3/mt_soc_pcm_common.o
  CC      drivers/leds/trigger/ledtrig-timer.o
  LD      drivers/leds/trigger/built-in.o
  LD      drivers/leds/built-in.o
  LD      drivers/lguest/built-in.o
  LD      drivers/macintosh/built-in.o
  CC      net/core/utils.o
  CC      sound/soc/mediatek/mt_soc_audio_v3/mt_soc_offload_gdma.o
  CC      drivers/input/touchscreen/mediatek/GT1151/gt1x_tpd.o
  CC      net/core/link_watch.o
  CC      sound/soc/mediatek/mt_soc_audio_v3/mt_soc_offload_common.o
  CC      net/core/filter.o
  CC      drivers/input/touchscreen/mediatek/GT1151/gt1x_update.o
  CC      sound/soc/mediatek/mt_soc_audio_v3/mt_soc_pcm_capture.o
  CC      drivers/md/dm-uevent.o
  CC      sound/soc/mediatek/mt_soc_audio_v3/mt_soc_pcm_dl1.o
  CC      drivers/md/dm.o
  CC      net/core/sock_diag.o
  LD      drivers/input/touchscreen/mediatek/GT1151/built-in.o
  LD      drivers/input/touchscreen/mediatek/built-in.o
  LD      drivers/input/touchscreen/built-in.o
  LD      drivers/input/input-core.o
  LD      drivers/input/built-in.o
  LD      drivers/media/common/b2c2/built-in.o
  LD      drivers/media/common/saa7146/built-in.o
  LD      drivers/media/common/siano/built-in.o
  LD      drivers/media/common/built-in.o
  LD      drivers/media/firewire/built-in.o
  LD      drivers/media/i2c/soc_camera/built-in.o
  LD      drivers/media/i2c/built-in.o
  LD      drivers/media/mmc/siano/built-in.o
  LD      drivers/media/mmc/built-in.o
  LD      drivers/media/parport/built-in.o
  LD      drivers/media/pci/b2c2/built-in.o
  LD      drivers/media/pci/ddbridge/built-in.o
  LD      drivers/media/pci/dm1105/built-in.o
  LD      drivers/media/pci/mantis/built-in.o
  LD      drivers/media/pci/ngene/built-in.o
  LD      drivers/media/pci/pluto2/built-in.o
  LD      drivers/media/pci/pt1/built-in.o
  CC      sound/soc/mediatek/mt_soc_audio_v3/mt_soc_pcm_dummy.o
  LD      drivers/media/pci/pt3/built-in.o
  LD      drivers/media/pci/saa7146/built-in.o
  LD      drivers/media/pci/ttpci/built-in.o
  LD      drivers/media/pci/built-in.o
  LD      drivers/media/platform/omap/built-in.o
  LD      drivers/media/platform/built-in.o
  LD      drivers/media/rc/keymaps/built-in.o
  LD      drivers/media/rc/built-in.o
  LD      drivers/media/tuners/built-in.o
  CC      net/core/dev_ioctl.o
  LD      drivers/media/usb/b2c2/built-in.o
  LD      drivers/media/usb/dvb-usb/built-in.o
  LD      drivers/media/usb/dvb-usb-v2/built-in.o
  LD      drivers/media/usb/s2255/built-in.o
  LD      drivers/media/usb/siano/built-in.o
  LD      drivers/media/usb/stkwebcam/built-in.o
  LD      drivers/media/usb/ttusb-budget/built-in.o
  LD      drivers/media/usb/ttusb-dec/built-in.o
  LD      drivers/media/usb/zr364xx/built-in.o
  LD      drivers/media/usb/built-in.o
  LD      drivers/media/built-in.o
  CC      drivers/mfd/syscon.o
  CC      sound/soc/mediatek/mt_soc_audio_v3/mt_soc_pcm_routing.o
  LD      drivers/mfd/built-in.o
  CC      drivers/misc/uid_stat.o
  CC      net/core/tso.o
  LD      drivers/misc/carma/built-in.o
  LD      drivers/misc/cb710/built-in.o
  CC      drivers/md/dm-table.o
  LD      drivers/misc/eeprom/built-in.o
  LD      drivers/misc/lis3lv02d/built-in.o
  CC      drivers/misc/mediatek/accdet/accdet_drv.o
  CC      sound/soc/mediatek/mt_soc_audio_v3/mt_soc_pcm_capture2.o
  CC      drivers/misc/mediatek/accdet/mt6735/accdet.o
  CC      net/core/flow.o
  CC      drivers/md/dm-target.o
  CC      sound/soc/mediatek/mt_soc_audio_v3/mt_soc_pcm_voice_md1.o
  CC      net/core/net-sysfs.o
  CC      drivers/md/dm-linear.o
  LD      drivers/misc/mediatek/accdet/mt6735/built-in.o
  LD      drivers/misc/mediatek/accdet/built-in.o
  CC      drivers/misc/mediatek/accelerometer/accel.o
  CC      sound/soc/mediatek/mt_soc_audio_v3/mt_soc_pcm_voice_md2.o
  CC      drivers/md/dm-stripe.o
  CC      sound/soc/mediatek/mt_soc_audio_v3/mt_soc_pcm_voice_md1_bt.o
  CC      drivers/misc/mediatek/accelerometer/accel_factory.o
  CC      net/core/net-procfs.o
  CC      drivers/misc/mediatek/accelerometer/mc3410-new/mc3410.o
  CC      drivers/md/dm-ioctl.o
  CC      sound/soc/mediatek/mt_soc_audio_v3/mt_soc_pcm_voice_md2_bt.o
  CC      net/core/fib_rules.o
  CC      sound/soc/mediatek/mt_soc_audio_v3/mt_soc_pcm_hdmi.o
  CC      drivers/md/dm-io.o
  LD      drivers/misc/mediatek/accelerometer/mc3410-new/built-in.o
  LD      drivers/misc/mediatek/accelerometer/built-in.o
  CC      drivers/misc/mediatek/aee/aed/aed-main.o
  CC      net/core/net-traces.o
  CC      sound/soc/mediatek/mt_soc_audio_v3/mt_soc_pcm_dl1_i2s0.o
  CC      drivers/md/dm-kcopyd.o
  CC      sound/soc/mediatek/mt_soc_audio_v3/mt_soc_pcm_dl1_i2s0Dl1.o
  CC      drivers/md/dm-sysfs.o
  CC      drivers/misc/mediatek/aee/aed/aed-debug.o
  LD      net/core/built-in.o
  CC      drivers/md/dm-stats.o
  CC      net/ipv4/route.o
  CC      sound/soc/mediatek/mt_soc_audio_v3/mt_soc_pcm_i2s0_awb.o
  CC      drivers/misc/mediatek/aee/aed/aed-process.o
  CC      sound/soc/mediatek/mt_soc_audio_v3/mt_soc_pcm_uldlloopback.o
  CC      drivers/md/dm-builtin.o
  CC      drivers/misc/mediatek/aee/aed/monitor_hang.o
  CC      sound/soc/mediatek/mt_soc_audio_v3/mt_soc_pcm_dl2.o
  CC      drivers/md/dm-bufio.o
  LD      drivers/misc/mediatek/aee/aed/aed.o
  LD      drivers/misc/mediatek/aee/aed/built-in.o
  CC      drivers/misc/mediatek/aee/common/dummy.o
  CC      net/ipv4/inetpeer.o
  CC      drivers/misc/mediatek/aee/common/aee-common.o
  CC      sound/soc/mediatek/mt_soc_audio_v3/mt_soc_pcm_mrgrx.o
  CC      drivers/misc/mediatek/aee/common/reboot-reason.o
  CC      drivers/md/dm-crypt.o
  CC      sound/soc/mediatek/mt_soc_audio_v3/mt_soc_pcm_mrgrx_awb.o
  CC      net/ipv4/protocol.o
  CC      drivers/misc/mediatek/aee/common/wdt-atf.o
  CC      sound/soc/mediatek/mt_soc_audio_v3/mt_soc_pcm_fm_i2s.o
  CC      net/ipv4/ip_input.o
  LD      drivers/misc/mediatek/aee/common/aee.o
  LD      drivers/misc/mediatek/aee/common/built-in.o
  CC      drivers/misc/mediatek/aee/ipanic/ipanic_log.o
  CC      drivers/md/dm-verity.o
  CC      sound/soc/mediatek/mt_soc_audio_v3/mt_soc_pcm_fm_i2s_awb.o
  CC      drivers/misc/mediatek/aee/ipanic/ipanic_rom.o
  CC      net/ipv4/ip_fragment.o
  CC      sound/soc/mediatek/mt_soc_audio_v3/mt_soc_pcm_dl1_awb.o
  LD      drivers/md/dm-mod.o
  LD      drivers/md/built-in.o
  CC      sound/soc/mediatek/mt_soc_audio_v3/mt_soc_pcm_dl1_bt.o
  CC      drivers/misc/mediatek/aee/ipanic/ipanic_emmc.o
  CC      drivers/misc/mediatek/aee/ipanic/ipanic_vfs.o
  LD      drivers/misc/mic/built-in.o
  CC      drivers/mmc/card/block.o
  CC      sound/soc/mediatek/mt_soc_audio_v3/mt_soc_pcm_bt_dai.o
  CC      net/ipv4/ip_forward.o
  CC      drivers/misc/mediatek/aee/ipanic/ipanic_pstore.o
  LD      drivers/misc/mediatek/aee/ipanic/ipanic.o
  LD      drivers/misc/mediatek/aee/ipanic/built-in.o
  CC      drivers/misc/mediatek/aee/mrdump/mrdump_arm.o
  CC      sound/soc/mediatek/mt_soc_audio_v3/mt_soc_dai_stub.o
  CC      drivers/misc/mediatek/aee/mrdump/mrdump_mini.o
  CC      net/ipv4/ip_options.o
  CC      sound/soc/mediatek/mt_soc_audio_v3/mt_soc_dai_routing.o
  CC      drivers/mmc/card/queue.o
  LD      drivers/misc/mediatek/aee/mrdump/built-in.o
  LD      drivers/misc/mediatek/aee/built-in.o
  CC      sound/soc/mediatek/mt_soc_audio_v3/mt_soc_codec_dummy.o
  CC      drivers/misc/mediatek/alsps/alsps.o
  CC      net/ipv4/ip_output.o
  LD      drivers/mmc/card/mmc_block.o
  LD      drivers/mmc/card/built-in.o
  CC      drivers/mmc/core/core.o
  CC      sound/soc/mediatek/mt_soc_audio_v3/mt_soc_codec_63xx.o
  CC      drivers/misc/mediatek/alsps/alsps_factory.o
  CC      drivers/misc/mediatek/alsps/aal_control.o
  CC      drivers/misc/mediatek/alsps/cm36652-new/cm36652.o
  CC      drivers/mmc/core/bus.o
  CC      net/ipv4/ip_sockglue.o
  CC      sound/soc/mediatek/mt_soc_audio_v3/mt_soc_pcm_fmtx.o
  CC      drivers/mmc/core/host.o
  LD      drivers/misc/mediatek/alsps/cm36652-new/built-in.o
  LD      drivers/misc/mediatek/alsps/built-in.o
  CC      drivers/misc/mediatek/atf_log/atf_logger.o
  CC      sound/soc/mediatek/mt_soc_audio_v3/mt_soc_tdm_capture.o
  LD      drivers/misc/mediatek/atf_log/atf_log.o
  LD      drivers/misc/mediatek/atf_log/built-in.o
  CC      drivers/mmc/core/mmc.o
  CC      drivers/misc/mediatek/auxadc/mt_auxadc.o
  CC      net/ipv4/inet_hashtables.o
  CC      sound/soc/mediatek/mt_soc_audio_v3/mt_soc_pcm_hp_impedance.o
  CC      drivers/mmc/core/mmc_ops.o
  LD      drivers/misc/mediatek/auxadc/built-in.o
  CC      drivers/misc/mediatek/base/power/cpuidle_v1/mt_cpuidle.o
  CC      sound/soc/mediatek/mt_soc_audio_v3/mt_soc_machine.o
  CC      net/ipv4/inet_timewait_sock.o
  CC      drivers/mmc/core/sd.o
  AS      drivers/misc/mediatek/base/power/cpuidle_v1/cpu_dormant-v7.o
  LD      drivers/misc/mediatek/base/power/cpuidle_v1/built-in.o
  CC      drivers/misc/mediatek/base/power/mt6735/mt_pm_init.o
  CC      net/ipv4/inet_connection_sock.o
  CC      drivers/misc/mediatek/base/power/mt6735/mt_sleep.o
  CC      drivers/mmc/core/sd_ops.o
  CC      sound/soc/mediatek/mt_soc_audio_v3/mt_soc_codec_speaker_63xx.o
  CC      drivers/misc/mediatek/base/power/mt6735/mt_clkbuf_ctl.o
  CC      drivers/mmc/core/sdio.o
  LD      sound/soc/mediatek/mt_soc_audio_v3/built-in.o
  LD      sound/soc/mediatek/built-in.o
  CC      drivers/misc/mediatek/base/power/mt6735/mt_dcm.o
  LD      sound/soc/mxs/built-in.o
  LD      sound/soc/nuc900/built-in.o
  LD      sound/soc/omap/built-in.o
  LD      sound/soc/pxa/built-in.o
  LD      sound/soc/rockchip/built-in.o
  LD      sound/soc/samsung/built-in.o
  LD      sound/soc/sh/built-in.o
  LD      sound/soc/sirf/built-in.o
  LD      sound/soc/spear/built-in.o
  LD      sound/soc/tegra/built-in.o
  LD      sound/soc/txx9/built-in.o
  LD      sound/soc/ux500/built-in.o
  LD      sound/soc/snd-soc-core.o
  CC      net/ipv4/tcp.o
  LD      sound/soc/built-in.o
  LD      sound/sparc/built-in.o
  LD      sound/spi/built-in.o
  LD      sound/synth/emux/built-in.o
  LD      sound/synth/built-in.o
  CC      sound/usb/card.o
  CC      drivers/mmc/core/sdio_ops.o
  CC      drivers/misc/mediatek/base/power/mt6735/mt_clkmgr_common.o
  CC      drivers/misc/mediatek/base/power/mt6735/mt_clkmgr.o
  CC      drivers/mmc/core/sdio_bus.o
  CC      sound/usb/clock.o
  CC      drivers/mmc/core/sdio_cis.o
  CC      sound/usb/endpoint.o
  CC      drivers/mmc/core/sdio_io.o
  CC      sound/usb/format.o
  CC      drivers/misc/mediatek/base/power/mt6735/mt_spm_mtcmos.o
  CC      net/ipv4/tcp_input.o
  CC      drivers/mmc/core/sdio_irq.o
  CC      drivers/mmc/core/quirks.o
  CC      sound/usb/helper.o
  CC      drivers/mmc/core/slot-gpio.o
  CC      sound/usb/mixer.o
  CC      drivers/mmc/core/debugfs.o
  CC      drivers/misc/mediatek/base/power/mt6735/mt_pbm.o
  LD      drivers/mmc/core/mmc_core.o
  LD      drivers/mmc/core/built-in.o
  CC      drivers/mmc/host/mediatek/mt6735/msdc_hw_ett.o
  CC      drivers/misc/mediatek/base/power/mt6735/mt_vcore_dvfs_1.o
  CC      drivers/mmc/host/mediatek/mt6735/sd.o
  CC      sound/usb/mixer_quirks.o
  CC      drivers/misc/mediatek/base/power/mt6735/mt_spm_vcore_dvfs_1.o
  CC      sound/usb/pcm.o
  CC      drivers/misc/mediatek/base/power/mt6735/mt_static_power.o
  CC      drivers/misc/mediatek/base/power/mt6735/mt_cpufreq.o
  CC      net/ipv4/tcp_output.o
  CC      sound/usb/proc.o
  CC      sound/usb/quirks.o
  CC      sound/usb/stream.o
  CC      drivers/misc/mediatek/base/power/mt6735/mt_cpu_ss.o
  CC      net/ipv4/tcp_timer.o
  CC      drivers/misc/mediatek/base/power/mt6735/mt_ptp.o
  CC      sound/usb/midi.o
  CC      net/ipv4/tcp_ipv4.o
  CC      drivers/misc/mediatek/base/power/mt6735/mt_gpufreq.o
  CC      drivers/mmc/host/mediatek/mt6735/dbg.o
  LD      sound/usb/6fire/built-in.o
  LD      sound/usb/bcd2000/built-in.o
  LD      sound/usb/caiaq/built-in.o
  LD      sound/usb/hiface/built-in.o
  LD      sound/usb/misc/built-in.o
  LD      sound/usb/usx2y/built-in.o
  LD      sound/usb/snd-usb-audio.o
  LD      sound/usb/snd-usbmidi-lib.o
  LD      sound/usb/built-in.o
  CC      sound/last.o
  LD      sound/soundcore.o
  LD      sound/built-in.o
  LD      arch/arm/lib/built-in.o
  AS      arch/arm/lib/ashldi3.o
  AS      arch/arm/lib/ashrdi3.o
  AS      arch/arm/lib/backtrace.o
  AS      arch/arm/lib/bswapsdi2.o
  AS      arch/arm/lib/call_with_stack.o
  AS      arch/arm/lib/changebit.o
  AS      arch/arm/lib/clear_user.o
  AS      arch/arm/lib/clearbit.o
  AS      arch/arm/lib/copy_from_user.o
  AS      arch/arm/lib/copy_page.o
  AS      arch/arm/lib/copy_to_user.o
  AS      arch/arm/lib/csumipv6.o
  AS      arch/arm/lib/csumpartial.o
  AS      arch/arm/lib/csumpartialcopy.o
  AS      arch/arm/lib/csumpartialcopyuser.o
  AS      arch/arm/lib/delay-loop.o
  CC      arch/arm/lib/delay.o
  CC      drivers/misc/mediatek/base/power/mt6735/mt-smp.o
  AS      arch/arm/lib/div64.o
  AS      arch/arm/lib/findbit.o
  AS      arch/arm/lib/getuser.o
  CC      net/ipv4/tcp_minisocks.o
  AS      arch/arm/lib/io-readsb.o
  AS      arch/arm/lib/io-readsl.o
  AS      arch/arm/lib/io-readsw-armv4.o
  AS      arch/arm/lib/io-writesb.o
  AS      arch/arm/lib/io-writesl.o
  AS      arch/arm/lib/io-writesw-armv4.o
  AS      arch/arm/lib/lib1funcs.o
  AS      arch/arm/lib/lshrdi3.o
  AS      arch/arm/lib/memchr.o
  CC      drivers/mmc/host/mediatek/mt6735/mt_sd_misc.o
  AS      arch/arm/lib/memcpy.o
  CC      drivers/misc/mediatek/base/power/mt6735/hotplug.o
  AS      arch/arm/lib/memmove.o
  AS      arch/arm/lib/memset.o
  AS      arch/arm/lib/memzero.o
  AS      arch/arm/lib/muldi3.o
  AS      arch/arm/lib/putuser.o
  AS      arch/arm/lib/setbit.o
  AS      arch/arm/lib/strchr.o
  AS      arch/arm/lib/strrchr.o
  AS      arch/arm/lib/testchangebit.o
  AS      arch/arm/lib/testclearbit.o
  AS      arch/arm/lib/testsetbit.o
  AS      arch/arm/lib/ucmpdi2.o
  AR      arch/arm/lib/lib.a
  AS      drivers/misc/mediatek/base/power/mt6735/mt-headsmp.o
  CC      lib/lockref.o
  AS      drivers/misc/mediatek/base/power/mt6735/mt_hotplug.o
  CC      drivers/misc/mediatek/base/power/mt6735/mt_hotplug_strategy_main.o
  CC      lib/bcd.o
  CC      lib/div64.o
  CC      lib/sort.o
  CC      net/ipv4/tcp_cong.o
  CC      drivers/mmc/host/mediatek/mt6735/mt_dump.o
  CC      lib/parser.o
  CC      drivers/misc/mediatek/base/power/mt6735/mt_hotplug_strategy_core.o
  CC      lib/halfmd4.o
  CC      lib/debug_locks.o
  CC      drivers/misc/mediatek/base/power/mt6735/mt_hotplug_strategy_procfs.o
  CC      lib/random32.o
  CC      net/ipv4/tcp_metrics.o
  CC      lib/bust_spinlocks.o
  CC      drivers/misc/mediatek/base/power/mt6735/mt_hotplug_strategy_cpu.o
  CC      lib/hexdump.o
  LD      drivers/mmc/host/mediatek/mt6735/built-in.o
  CC      drivers/mmc/host/mediatek/emmc_rpmb.o
  CC      lib/kasprintf.o
  CC      drivers/misc/mediatek/base/power/mt6735/mt_hotplug_strategy_api.o
  CC      lib/bitmap.o
  CC      net/ipv4/tcp_fastopen.o
  CC      drivers/misc/mediatek/base/power/mt6735/mt_hotplug_strategy_algo.o
  LD      drivers/mmc/host/mediatek/built-in.o
  LD      drivers/mmc/host/built-in.o
  LD      drivers/mmc/built-in.o
  CC      drivers/mtd/mtdcore.o
  CC      lib/scatterlist.o
  LD      drivers/misc/mediatek/base/power/mt6735/built-in.o
  CC      drivers/misc/mediatek/base/power/spm_v1/mt_idle.o
  CC      lib/gcd.o
  CC      lib/lcm.o
  CC      net/ipv4/tcp_offload.o
  CC      lib/list_sort.o
  CC      drivers/mtd/mtdsuper.o
  CC      lib/uuid.o
  CC      lib/flex_array.o
  CC      drivers/mtd/mtdconcat.o
  CC      lib/iovec.o
  CC      lib/clz_ctz.o
  CC      lib/bsearch.o
  CC      net/ipv4/datagram.o
  CC      lib/find_last_bit.o
  CC      drivers/misc/mediatek/base/power/spm_v1/mt_spm.o
  CC      lib/find_next_bit.o
  CC      lib/llist.o
  CC      lib/memweight.o
  CC      lib/kfifo.o
  CC      drivers/mtd/mtdpart.o
  CC      drivers/misc/mediatek/base/power/spm_v1/mt_spm_fs.o
  CC      net/ipv4/raw.o
  CC      lib/percpu-refcount.o
  CC      drivers/misc/mediatek/base/power/spm_v1/mt_spm_internal.o
  CC      lib/percpu_ida.o
  CC      drivers/mtd/mtdchar.o
  CC      lib/hash.o
  CC      drivers/misc/mediatek/base/power/spm_v1/mt_spm_sodi.o
  CC      lib/rhashtable.o
  CC      net/ipv4/udp.o
  CC      drivers/misc/mediatek/base/power/spm_v1/mt_spm_dpidle.o
  CC      drivers/mtd/mtd_blkdevs.o
  CC      lib/reciprocal_div.o
  CC      lib/string_helpers.o
  CC      lib/kstrtox.o
  CC      drivers/misc/mediatek/base/power/spm_v1/mt_spm_sleep.o
  CC      lib/pci_iomap.o
  CC      drivers/mtd/mtdblock.o
  CC      lib/iomap_copy.o
  CC      lib/devres.o
  LD      drivers/misc/mediatek/base/power/spm_v1/built-in.o
  LD      drivers/misc/mediatek/base/power/built-in.o
  LD      drivers/misc/mediatek/base/built-in.o
  CC      drivers/misc/mediatek/boot/mt_boot_common.o
  CC      drivers/mtd/chips/chipreg.o
  CC      lib/hweight.o
  CC      lib/assoc_array.o
  LD      drivers/mtd/chips/built-in.o
  LD      drivers/mtd/devices/built-in.o
  LD      drivers/mtd/lpddr/built-in.o
  LD      drivers/mtd/maps/built-in.o
  CC      drivers/mtd/nand/nand_ids.o
  CC      drivers/misc/mediatek/boot/mt_boot.o
  CC      net/ipv4/udplite.o
  LD      drivers/mtd/nand/built-in.o
  LD      drivers/mtd/onenand/built-in.o
  LD      drivers/mtd/tests/built-in.o
  LD      drivers/mtd/mtd.o
  LD      drivers/mtd/built-in.o
  CC      drivers/net/ifb.o
  LD      drivers/misc/mediatek/boot/BOOT_COMMON.o
  LD      drivers/misc/mediatek/boot/built-in.o
  CC      drivers/misc/mediatek/boot_reason/mt_boot_reason.o
  CC      lib/smp_processor_id.o
  CC      lib/bitrev.o
  CC      net/ipv4/udp_offload.o
  LD      drivers/misc/mediatek/boot_reason/BOOT_REASON.o
  LD      drivers/misc/mediatek/boot_reason/built-in.o
  CC      drivers/misc/mediatek/btcvsd/AudDrv_BTCVSD.o
  CC      lib/crc-ccitt.o
  CC      drivers/net/Space.o
  CC      lib/crc16.o
  HOSTCC  lib/gen_crc32table
  CC      lib/libcrc32c.o
  CC      drivers/net/loopback.o
  CC      lib/genalloc.o
  CC      net/ipv4/arp.o
  LD      drivers/misc/mediatek/btcvsd/built-in.o
  CC      drivers/misc/mediatek/btif/common/mtk_btif.o
  CC      lib/fonts/fonts.o
  CC      lib/fonts/font_8x16.o
  CC      drivers/net/tun.o
  LD      lib/fonts/font.o
  LD      lib/fonts/built-in.o
  CC      lib/lz4k/lz4k_compress.o
  CC      lib/lz4k/lz4k_decompress.o
  LD      lib/lz4k/lz4k.o
  LD      lib/lz4k/built-in.o
  CC      lib/lzo/lzo1x_compress.o
  CC      net/ipv4/icmp.o
  CC      lib/lzo/lzo1x_decompress_safe.o
  CC      drivers/misc/mediatek/btif/common/mtk_btif_exp.o
  LD      lib/lzo/lzo_compress.o
  LD      lib/lzo/lzo_decompress.o
  LD      lib/lzo/built-in.o
  CC      lib/reed_solomon/reed_solomon.o
  LD      lib/reed_solomon/built-in.o
  CC      drivers/misc/mediatek/btif/common/btif_dma_plat.o
  CC      drivers/net/ppp/ppp_generic.o
  CC      lib/zlib_deflate/deflate.o
  CC      net/ipv4/devinet.o
  CC      lib/zlib_deflate/deftree.o
  CC      drivers/misc/mediatek/btif/common/btif_plat.o
  CC      lib/zlib_deflate/deflate_syms.o
  LD      lib/zlib_deflate/zlib_deflate.o
  LD      lib/zlib_deflate/built-in.o
  CC      lib/zlib_inflate/inffast.o
  LD      drivers/misc/mediatek/btif/common/btif.o
  LD      drivers/misc/mediatek/btif/common/built-in.o
  LD      drivers/misc/mediatek/btif/built-in.o
  CC      drivers/misc/mediatek/cameraisp/src/cameraisp_dummy.o
cameraisp drv by platform 
  CC      drivers/misc/mediatek/cameraisp/src/mt6735/camera_isp_D1.o
  CC      lib/zlib_inflate/inflate.o
  CC      net/ipv4/af_inet.o
  CC      drivers/net/ppp/ppp_async.o
  CC      lib/zlib_inflate/infutil.o
  CC      lib/zlib_inflate/inftrees.o
scripts/Makefile.build:257: ошибка выполнения рецепта для цели «drivers/misc/mediatek/cameraisp/src/mt6735/camera_isp_D1.o»
scripts/Makefile.build:402: ошибка выполнения рецепта для цели «drivers/misc/mediatek/cameraisp/src/mt6735»
scripts/Makefile.build:402: ошибка выполнения рецепта для цели «drivers/misc/mediatek/cameraisp/src»
scripts/Makefile.build:402: ошибка выполнения рецепта для цели «drivers/misc/mediatek»
scripts/Makefile.build:402: ошибка выполнения рецепта для цели «drivers/misc»
  CC      lib/zlib_inflate/inflate_syms.o
  CC      net/ipv6/af_inet6.o
  LD      lib/zlib_inflate/zlib_inflate.o
  LD      lib/zlib_inflate/built-in.o
  CC      lib/textsearch.o
  CC      lib/ts_kmp.o
  CC      lib/ts_bm.o
  CC      drivers/net/ppp/bsd_comp.o
  CC      net/ipv4/igmp.o
  CC      lib/ts_fsm.o
  CC      net/ipv6/anycast.o
  CC      drivers/net/ppp/ppp_deflate.o
  CC      lib/percpu_counter.o
  CC      drivers/net/ppp/ppp_mppe.o
  CC      lib/audit.o
  CC      lib/swiotlb.o
  CC      net/ipv6/ip6_output.o
  CC      drivers/net/ppp/ppp_synctty.o
  CC      net/ipv4/fib_frontend.o
  CC      drivers/net/ppp/pppox.o
  CC      lib/iommu-helper.o
  CC      lib/fault-inject.o
  CC      lib/syscall.o
  CC      drivers/net/ppp/pppoe.o
  CC      lib/dynamic_debug.o
  CC      net/ipv4/fib_semantics.o
  CC      net/ipv6/ip6_input.o
  CC      drivers/net/ppp/pppolac.o
  CC      lib/nlattr.o
  CC      net/ipv6/addrconf.o
  CC      net/ipv4/fib_trie.o
  CC      lib/cpu_rmap.o
  CC      drivers/net/ppp/pppopns.o
  CC      lib/dynamic_queue_limits.o
  CC      lib/strncpy_from_user.o
  CC      lib/strnlen_user.o
  CC      lib/net_utils.o
  LD      drivers/net/ppp/built-in.o
  CC      drivers/net/slip/slhc.o
  CC      lib/argv_split.o
  CC      net/ipv4/inet_fragment.o
  CC      lib/bug.o
  CC      lib/cmdline.o
  CC      lib/cpumask.o
  LD      drivers/net/slip/built-in.o
  LD      drivers/net/usb/built-in.o
  LD      drivers/net/wireless/built-in.o
  LD      drivers/net/built-in.o
Makefile:938: ошибка выполнения рецепта для цели «drivers»
  CC      lib/ctype.o
  CC      lib/dec_and_lock.o
  CC      net/key/af_key.o
  CC      lib/decompress.o
  CC      lib/decompress_inflate.o
  CC      net/ipv4/ping.o
  CC      net/ipv6/addrlabel.o
  CC      lib/dump_stack.o
  CC      lib/earlycpio.o
  CC      lib/extable.o
  CC      lib/fdt.o
  CC      lib/fdt_empty_tree.o
  CC      lib/fdt_ro.o
  CC      net/ipv6/route.o
  CC      net/ipv4/ip_tunnel_core.o
  CC      lib/fdt_rw.o
  CC      lib/fdt_strerror.o
  CC      lib/fdt_sw.o
  CC      lib/fdt_wip.o
  CC      lib/flex_proportions.o
  LD      net/key/built-in.o
  CC      net/llc/llc_core.o
  CC      net/ipv4/gre_offload.o
  CC      lib/idr.o
  CC      net/llc/llc_input.o
  CC      lib/int_sqrt.o
  CC      lib/ioremap.o
  CC      net/ipv4/ip_tunnel.o
  CC      lib/irq_regs.o
  CC      net/ipv6/ip6_fib.o
  CC      lib/is_single_threaded.o
  CC      net/llc/llc_output.o
  CC      lib/klist.o
  CC      lib/kobject.o
  LD      net/llc/llc.o
  LD      net/llc/built-in.o
  CC      net/netfilter/core.o
  CC      net/ipv4/sysctl_net_ipv4.o
  CC      lib/kobject_uevent.o
  CC      net/ipv6/ipv6_sockglue.o
  CC      net/netfilter/nf_log.o
  CC      lib/md5.o
  CC      net/ipv4/sysfs_net_ipv4.o
  CC      lib/plist.o
  CC      lib/proportions.o
  CC      net/netfilter/nf_queue.o
  CC      lib/radix-tree.o
  CC      net/ipv6/ndisc.o
  CC      net/ipv4/proc.o
  CC      net/netfilter/nf_sockopt.o
  CC      lib/ratelimit.o
  CC      lib/rbtree.o
  CC      net/ipv4/fib_rules.o
  CC      lib/sha1.o
  CC      net/netfilter/nfnetlink.o
  CC      lib/show_mem.o
  CC      net/ipv6/udp.o
  CC      lib/string.o
  CC      net/ipv4/ipmr.o
  CC      net/netfilter/nfnetlink_queue_core.o
  CC      lib/timerqueue.o
  CC      lib/vsprintf.o
  CC      net/netfilter/nfnetlink_log.o
  CC      net/ipv6/udplite.o
  GEN     lib/crc32table.h
  AR      lib/lib.a
  CC      lib/crc32.o
  CC      net/ipv4/ipip.o
  CC      net/ipv6/raw.o
  CC      net/netfilter/nf_conntrack_core.o
  LD      lib/built-in.o
  CC      net/netfilter/nf_conntrack_standalone.o
  CC      net/ipv4/syncookies.o
  CC      net/netfilter/nf_conntrack_expect.o
  CC      net/ipv6/icmp.o
  CC      net/ipv4/ah4.o
  CC      net/netfilter/nf_conntrack_helper.o
  CC      net/netfilter/nf_conntrack_proto.o
  CC      net/ipv6/mcast.o
  CC      net/ipv4/esp4.o
  CC      net/netfilter/nf_conntrack_l3proto_generic.o
  CC      net/netlink/af_netlink.o
  CC      net/netfilter/nf_conntrack_proto_generic.o
  CC      net/ipv4/ipcomp.o
  CC      net/netfilter/nf_conntrack_proto_tcp.o
  CC      net/netlink/genetlink.o
  CC      net/ipv4/xfrm4_tunnel.o
  CC      net/ipv6/reassembly.o
  CC      net/netfilter/nf_conntrack_proto_udp.o
  CC      net/ipv4/xfrm4_mode_beet.o
  LD      net/netlink/built-in.o
  CC      net/packet/af_packet.o
  CC      net/ipv6/tcp_ipv6.o
  CC      net/netfilter/nf_conntrack_extend.o
  CC      net/ipv4/tunnel4.o
  CC      net/netfilter/nf_conntrack_acct.o
  CC      net/ipv4/xfrm4_mode_transport.o
  CC      net/netfilter/nf_conntrack_seqadj.o
  CC      net/ipv6/ping.o
  CC      net/ipv4/xfrm4_mode_tunnel.o
  LD      net/packet/built-in.o
  CC      net/sched/sch_generic.o
  CC      net/ipv6/exthdrs.o
  CC      net/netfilter/nf_conntrack_ecache.o
  CC      net/ipv4/ipconfig.o
  CC      net/netfilter/nf_conntrack_proto_gre.o
  CC      net/sched/sch_mq.o
  CC      net/ipv6/datagram.o
  CC      net/netfilter/nf_conntrack_proto_udplite.o
  CC      net/sched/sch_api.o
  CC      net/ipv4/netfilter.o
  CC      net/ipv6/ip6_flowlabel.o
  CC      net/netfilter/nf_conntrack_netlink.o
  CC      net/ipv4/netfilter/nf_conntrack_l3proto_ipv4_compat.o
  CC      net/sched/sch_blackhole.o
  CC      net/ipv6/inet6_connection_sock.o
  CC      net/ipv4/netfilter/nf_conntrack_l3proto_ipv4.o
  CC      net/sched/cls_api.o
  CC      net/ipv6/sysctl_net_ipv6.o
  CC      net/ipv4/netfilter/nf_conntrack_proto_icmp.o
  CC      net/netfilter/nf_conntrack_ftp.o
  CC      net/ipv6/ip6mr.o
  CC      net/sched/act_api.o
  CC      net/ipv4/netfilter/nf_nat_l3proto_ipv4.o
  CC      net/netfilter/nf_conntrack_pptp.o
  CC      net/sched/act_police.o
  CC      net/ipv4/netfilter/nf_nat_proto_icmp.o
  CC      net/netfilter/nf_conntrack_sip.o
  CC      net/ipv6/xfrm6_policy.o
  CC      net/sched/act_mirred.o
  CC      net/ipv4/netfilter/nf_defrag_ipv4.o
  CC      net/ipv6/xfrm6_state.o
  CC      net/sched/act_ipt.o
  CC      net/netfilter/nf_conntrack_tftp.o
  CC      net/ipv4/netfilter/nf_reject_ipv4.o
  CC      net/ipv6/xfrm6_input.o
  CC      net/sched/sch_fifo.o
  CC      net/netfilter/nf_nat_core.o
  CC      net/ipv4/netfilter/nf_nat_pptp.o
  CC      net/ipv6/xfrm6_output.o
  CC      net/sched/sch_htb.o
  CC      net/ipv4/netfilter/nf_nat_masquerade_ipv4.o
  CC      net/netfilter/nf_nat_proto_unknown.o
  CC      net/ipv6/xfrm6_protocol.o
  CC      net/ipv4/netfilter/nf_nat_proto_gre.o
  CC      net/netfilter/nf_nat_proto_common.o
  CC      net/sched/sch_ingress.o
  CC      net/ipv6/netfilter.o
  CC      net/ipv4/netfilter/ip_tables.o
  CC      net/netfilter/nf_nat_proto_udp.o
  CC      net/sched/cls_u32.o
  CC      net/ipv6/fib6_rules.o
  CC      net/netfilter/nf_nat_proto_tcp.o
  CC      net/ipv4/netfilter/iptable_filter.o
  CC      net/ipv6/proc.o
  CC      net/sched/cls_fw.o
  CC      net/netfilter/nf_nat_helper.o
  CC      net/ipv4/netfilter/iptable_mangle.o
  CC      net/ipv6/syncookies.o
  CC      net/sched/cls_flow.o
  CC      net/netfilter/nf_nat_proto_udplite.o
  CC      net/ipv4/netfilter/iptable_nat.o
  CC      net/ipv6/ah6.o
  CC      net/netfilter/nf_nat_ftp.o
  LD      net/sched/built-in.o
  CC      net/unix/af_unix.o
  CC      net/ipv4/netfilter/iptable_raw.o
  CC      net/netfilter/nf_nat_sip.o
  CC      net/ipv6/esp6.o
  CC      net/ipv4/netfilter/ipt_MASQUERADE.o
  CC      net/netfilter/nf_nat_tftp.o
  CC      net/ipv4/netfilter/ipt_REJECT.o
  CC      net/ipv6/ipcomp6.o
  CC      net/unix/garbage.o
  CC      net/netfilter/x_tables.o
  CC      net/ipv4/netfilter/arp_tables.o
  CC      net/ipv6/xfrm6_tunnel.o
  CC      net/unix/sysctl_net_unix.o
  CC      net/netfilter/xt_tcpudp.o
  LD      net/unix/unix.o
  CC      net/ipv6/tunnel6.o
  LD      net/unix/built-in.o
  CC      net/wireless/core.o
  LD      net/ipv4/netfilter/nf_conntrack_ipv4.o
  LD      net/ipv4/netfilter/nf_nat_ipv4.o
  LD      net/ipv4/netfilter/built-in.o
  CC      net/ipv4/inet_diag.o
  CC      net/ipv6/xfrm6_mode_transport.o
  CC      net/netfilter/xt_mark.o
  CC      net/netfilter/xt_connmark.o
  CC      net/ipv6/xfrm6_mode_tunnel.o
  CC      net/ipv4/tcp_diag.o
  CC      net/wireless/sysfs.o
  CC      net/netfilter/xt_nat.o
  CC      net/ipv4/tcp_cubic.o
  CC      net/ipv6/xfrm6_mode_ro.o
  CC      net/wireless/radiotap.o
  CC      net/netfilter/xt_CLASSIFY.o
  CC      net/ipv6/xfrm6_mode_beet.o
  CC      net/ipv4/xfrm4_policy.o
  CC      net/wireless/util.o
  CC      net/netfilter/xt_HL.o
  CC      net/ipv6/mip6.o
  CC      net/ipv4/xfrm4_state.o
  CC      net/netfilter/xt_NETMAP.o
  CC      net/ipv4/xfrm4_input.o
  CC      net/ipv6/netfilter/ip6_tables.o
  CC      net/netfilter/xt_NFLOG.o
  CC      net/wireless/reg.o
  CC      net/netfilter/xt_NFQUEUE.o
  CC      net/ipv4/xfrm4_output.o
  CC      net/ipv6/netfilter/ip6table_filter.o
  CC      net/netfilter/xt_REDIRECT.o
  CC      net/ipv4/xfrm4_protocol.o
  CC      net/wireless/scan.o
  CC      net/ipv6/netfilter/ip6table_mangle.o
  CC      net/netfilter/xt_TCPMSS.o
  LD      net/ipv4/built-in.o
  CC      net/ipv6/netfilter/ip6table_raw.o
  CC      net/xfrm/xfrm_policy.o
  CC      net/wireless/nl80211.o
  CC      net/netfilter/xt_IDLETIMER.o
  CC      net/ipv6/netfilter/nf_conntrack_l3proto_ipv6.o
  CC      net/netfilter/xt_connbytes.o
  CC      net/ipv6/netfilter/nf_conntrack_proto_icmpv6.o
  CC      net/netfilter/xt_iprange.o
  CC      net/ipv6/netfilter/nf_defrag_ipv6_hooks.o
  CC      net/xfrm/xfrm_state.o
  CC      net/netfilter/xt_length.o
  CC      net/ipv6/netfilter/nf_conntrack_reasm.o
  CC      net/netfilter/xt_limit.o
  CC      net/ipv6/netfilter/nf_reject_ipv6.o
  CC      net/netfilter/xt_mac.o
  CC      net/ipv6/netfilter/ip6t_frag.o
  CC      net/xfrm/xfrm_hash.o
  CC      net/netfilter/xt_multiport.o
  CC      net/xfrm/xfrm_input.o
  CC      net/ipv6/netfilter/ip6t_ipv6header.o
  CC      net/netfilter/xt_physdev.o
  CC      net/xfrm/xfrm_output.o
  CC      net/ipv6/netfilter/ip6t_REJECT.o
  CC      net/netfilter/xt_policy.o
  CC      net/xfrm/xfrm_sysctl.o
  LD      net/ipv6/netfilter/nf_conntrack_ipv6.o
  LD      net/ipv6/netfilter/nf_defrag_ipv6.o
  LD      net/ipv6/netfilter/built-in.o
  CC      net/ipv6/sit.o
  CC      net/netfilter/xt_qtaguid_print.o
  CC      net/xfrm/xfrm_replay.o
  CC      net/netfilter/xt_qtaguid.o
  CC      net/wireless/mlme.o
  CC      net/xfrm/xfrm_algo.o
  CC      net/ipv6/ip6_tunnel.o
  CC      net/xfrm/xfrm_user.o
  CC      net/wireless/ibss.o
  CC      net/netfilter/xt_quota.o
  CC      net/ipv6/addrconf_core.o
  CC      net/wireless/sme.o
  CC      net/netfilter/xt_quota2.o
  CC      net/ipv6/exthdrs_core.o
  CC      net/xfrm/xfrm_ipcomp.o
  CC      net/netfilter/xt_realm.o
  CC      net/ipv6/ip6_checksum.o
  CC      net/wireless/chan.o
  LD      net/xfrm/built-in.o
  CC      net/sysctl_net.o
  CC      net/netfilter/xt_recent.o
  CC      net/ipv6/ip6_icmp.o
  CC      net/activity_stats.o
  CC      net/wireless/ethtool.o
  CC      net/ipv6/output_core.o
  CC      net/netfilter/xt_socket.o
  CC      net/netfilter/xt_state.o
  CC      net/wireless/mesh.o
  CC      net/netfilter/xt_statistic.o
  CC      net/ipv6/protocol.o
  CC      net/netfilter/xt_string.o
  CC      net/netfilter/xt_tcpmss.o
  CC      net/ipv6/ip6_offload.o
  CC      net/wireless/ap.o
  CC      net/netfilter/xt_time.o
  CC      net/netfilter/xt_u32.o
  CC      net/ipv6/tcpv6_offload.o
  LD      net/netfilter/netfilter.o
  LD      net/netfilter/nfnetlink_queue.o
  LD      net/netfilter/nf_conntrack.o
  LD      net/netfilter/nf_nat.o
  CC      net/wireless/trace.o
  CC      net/wireless/wext-core.o
  LD      net/netfilter/built-in.o
  CC      net/ipv6/udp_offload.o
  CC      net/ipv6/exthdrs_offload.o
  CC      net/ipv6/inet6_hashtables.o
  CC      net/wireless/wext-proc.o
  LD      net/ipv6/ipv6.o
  CC      net/wireless/wext-priv.o
  LD      net/ipv6/built-in.o
  CC      net/wireless/regdb.o
  LD      net/wireless/cfg80211.o
  LD      net/wireless/built-in.o
  LD      net/built-in.o
